# JRE version: Java(TM) SE Runtime Environment (8.0_65-b17) (build 1.8.0_65-b17)
# Java VM: Java HotSpot(TM) 64-Bit Server VM (25.65-b01 mixed mode windows-amd64 compressed oops)
Heap:
 PSYoungGen      total 253440K, used 79796K [0x00000000eab00000, 0x00000000fbd80000, 0x0000000100000000)
  eden space 237056K, 27% used [0x00000000eab00000,0x00000000eea11240,0x00000000f9280000)
  from space 16384K, 92% used [0x00000000fad80000,0x00000000fbc5bef0,0x00000000fbd80000)
  to   space 22016K, 0% used [0x00000000f9280000,0x00000000f9280000,0x00000000fa800000)
 ParOldGen       total 67072K, used 46264K [0x00000000c0000000, 0x00000000c4180000, 0x00000000eab00000)
  object space 67072K, 68% used [0x00000000c0000000,0x00000000c2d2e008,0x00000000c4180000)
 Metaspace       used 53646K, capacity 56436K, committed 56744K, reserved 1097728K
  class space    used 7340K, capacity 8302K, committed 8360K, reserved 1048576K
GC Heap History (10 events):
Event: 44.649 GC heap before
{Heap before GC invocations=15 (full 2):
 PSYoungGen      total 172544K, used 161280K [0x00000000eab00000, 0x00000000f6a80000, 0x0000000100000000)
  eden space 161280K, 100% used [0x00000000eab00000,0x00000000f4880000,0x00000000f4880000)
  from space 11264K, 0% used [0x00000000f5780000,0x00000000f5780000,0x00000000f6280000)
  to   space 15360K, 0% used [0x00000000f4880000,0x00000000f4880000,0x00000000f5780000)
 ParOldGen       total 67072K, used 24391K [0x00000000c0000000, 0x00000000c4180000, 0x00000000eab00000)
  object space 67072K, 36% used [0x00000000c0000000,0x00000000c17d1e78,0x00000000c4180000)
 Metaspace       used 40353K, capacity 41496K, committed 41768K, reserved 1085440K
  class space    used 5486K, capacity 5896K, committed 5928K, reserved 1048576K
Event: 44.726 GC heap after
Heap after GC invocations=15 (full 2):
 PSYoungGen      total 176640K, used 15344K [0x00000000eab00000, 0x00000000f9600000, 0x0000000100000000)
  eden space 161280K, 0% used [0x00000000eab00000,0x00000000eab00000,0x00000000f4880000)
  from space 15360K, 99% used [0x00000000f4880000,0x00000000f577c1f0,0x00000000f5780000)
  to   space 19456K, 0% used [0x00000000f8300000,0x00000000f8300000,0x00000000f9600000)
 ParOldGen       total 67072K, used 29012K [0x00000000c0000000, 0x00000000c4180000, 0x00000000eab00000)
  object space 67072K, 43% used [0x00000000c0000000,0x00000000c1c55120,0x00000000c4180000)
 Metaspace       used 40353K, capacity 41496K, committed 41768K, reserved 1085440K
  class space    used 5486K, capacity 5896K, committed 5928K, reserved 1048576K
}
Event: 47.751 GC heap before
{Heap before GC invocations=16 (full 2):
 PSYoungGen      total 176640K, used 120028K [0x00000000eab00000, 0x00000000f9600000, 0x0000000100000000)
  eden space 161280K, 64% used [0x00000000eab00000,0x00000000f113afa0,0x00000000f4880000)
  from space 15360K, 99% used [0x00000000f4880000,0x00000000f577c1f0,0x00000000f5780000)
  to   space 19456K, 0% used [0x00000000f8300000,0x00000000f8300000,0x00000000f9600000)
 ParOldGen       total 67072K, used 29012K [0x00000000c0000000, 0x00000000c4180000, 0x00000000eab00000)
  object space 67072K, 43% used [0x00000000c0000000,0x00000000c1c55120,0x00000000c4180000)
 Metaspace       used 43923K, capacity 45826K, committed 45992K, reserved 1089536K
  class space    used 6065K, capacity 6775K, committed 6824K, reserved 1048576K
Event: 47.827 GC heap after
Heap after GC invocations=16 (full 2):
 PSYoungGen      total 220672K, used 11607K [0x00000000eab00000, 0x00000000f9700000, 0x0000000100000000)
  eden space 201216K, 0% used [0x00000000eab00000,0x00000000eab00000,0x00000000f6f80000)
  from space 19456K, 59% used [0x00000000f8300000,0x00000000f8e55f80,0x00000000f9600000)
  to   space 19968K, 0% used [0x00000000f6f80000,0x00000000f6f80000,0x00000000f8300000)
 ParOldGen       total 67072K, used 43037K [0x00000000c0000000, 0x00000000c4180000, 0x00000000eab00000)
  object space 67072K, 64% used [0x00000000c0000000,0x00000000c2a075a0,0x00000000c4180000)
 Metaspace       used 43923K, capacity 45826K, committed 45992K, reserved 1089536K
  class space    used 6065K, capacity 6775K, committed 6824K, reserved 1048576K
}
Event: 47.827 GC heap before
{Heap before GC invocations=17 (full 3):
 PSYoungGen      total 220672K, used 11607K [0x00000000eab00000, 0x00000000f9700000, 0x0000000100000000)
  eden space 201216K, 0% used [0x00000000eab00000,0x00000000eab00000,0x00000000f6f80000)
  from space 19456K, 59% used [0x00000000f8300000,0x00000000f8e55f80,0x00000000f9600000)
  to   space 19968K, 0% used [0x00000000f6f80000,0x00000000f6f80000,0x00000000f8300000)
 ParOldGen       total 67072K, used 43037K [0x00000000c0000000, 0x00000000c4180000, 0x00000000eab00000)
  object space 67072K, 64% used [0x00000000c0000000,0x00000000c2a075a0,0x00000000c4180000)
 Metaspace       used 43923K, capacity 45826K, committed 45992K, reserved 1089536K
  class space    used 6065K, capacity 6775K, committed 6824K, reserved 1048576K
Event: 48.249 GC heap after
Heap after GC invocations=17 (full 3):
 PSYoungGen      total 220672K, used 0K [0x00000000eab00000, 0x00000000f9700000, 0x0000000100000000)
  eden space 201216K, 0% used [0x00000000eab00000,0x00000000eab00000,0x00000000f6f80000)
  from space 19456K, 0% used [0x00000000f8300000,0x00000000f8300000,0x00000000f9600000)
  to   space 19968K, 0% used [0x00000000f6f80000,0x00000000f6f80000,0x00000000f8300000)
 ParOldGen       total 67072K, used 46248K [0x00000000c0000000, 0x00000000c4180000, 0x00000000eab00000)
  object space 67072K, 68% used [0x00000000c0000000,0x00000000c2d2a008,0x00000000c4180000)
 Metaspace       used 43923K, capacity 45826K, committed 45992K, reserved 1089536K
  class space    used 6065K, capacity 6775K, committed 6824K, reserved 1048576K
}
Event: 107.210 GC heap before
{Heap before GC invocations=18 (full 3):
 PSYoungGen      total 220672K, used 201216K [0x00000000eab00000, 0x00000000f9700000, 0x0000000100000000)
  eden space 201216K, 100% used [0x00000000eab00000,0x00000000f6f80000,0x00000000f6f80000)
  from space 19456K, 0% used [0x00000000f8300000,0x00000000f8300000,0x00000000f9600000)
  to   space 19968K, 0% used [0x00000000f6f80000,0x00000000f6f80000,0x00000000f8300000)
 ParOldGen       total 67072K, used 46248K [0x00000000c0000000, 0x00000000c4180000, 0x00000000eab00000)
  object space 67072K, 68% used [0x00000000c0000000,0x00000000c2d2a008,0x00000000c4180000)
 Metaspace       used 51146K, capacity 53518K, committed 53800K, reserved 1095680K
  class space    used 7034K, capacity 7881K, committed 7976K, reserved 1048576K
Event: 107.254 GC heap after
Heap after GC invocations=18 (full 3):
 PSYoungGen      total 221184K, used 11489K [0x00000000eab00000, 0x00000000fc180000, 0x0000000100000000)
  eden space 201216K, 0% used [0x00000000eab00000,0x00000000eab00000,0x00000000f6f80000)
  from space 19968K, 57% used [0x00000000f6f80000,0x00000000f7ab86d8,0x00000000f8300000)
  to   space 20480K, 0% used [0x00000000fad80000,0x00000000fad80000,0x00000000fc180000)
 ParOldGen       total 67072K, used 46256K [0x00000000c0000000, 0x00000000c4180000, 0x00000000eab00000)
  object space 67072K, 68% used [0x00000000c0000000,0x00000000c2d2c008,0x00000000c4180000)
 Metaspace       used 51146K, capacity 53518K, committed 53800K, reserved 1095680K
  class space    used 7034K, capacity 7881K, committed 7976K, reserved 1048576K
}
Event: 330.274 GC heap before
{Heap before GC invocations=19 (full 3):
 PSYoungGen      total 221184K, used 212705K [0x00000000eab00000, 0x00000000fc180000, 0x0000000100000000)
  eden space 201216K, 100% used [0x00000000eab00000,0x00000000f6f80000,0x00000000f6f80000)
  from space 19968K, 57% used [0x00000000f6f80000,0x00000000f7ab86d8,0x00000000f8300000)
  to   space 20480K, 0% used [0x00000000fad80000,0x00000000fad80000,0x00000000fc180000)
 ParOldGen       total 67072K, used 46256K [0x00000000c0000000, 0x00000000c4180000, 0x00000000eab00000)
  object space 67072K, 68% used [0x00000000c0000000,0x00000000c2d2c008,0x00000000c4180000)
 Metaspace       used 52924K, capacity 55658K, committed 55848K, reserved 1097728K
  class space    used 7256K, capacity 8190K, committed 8232K, reserved 1048576K
Event: 330.318 GC heap after
Heap after GC invocations=19 (full 3):
 PSYoungGen      total 253440K, used 15215K [0x00000000eab00000, 0x00000000fbd80000, 0x0000000100000000)
  eden space 237056K, 0% used [0x00000000eab00000,0x00000000eab00000,0x00000000f9280000)
  from space 16384K, 92% used [0x00000000fad80000,0x00000000fbc5bef0,0x00000000fbd80000)
  to   space 22016K, 0% used [0x00000000f9280000,0x00000000f9280000,0x00000000fa800000)
 ParOldGen       total 67072K, used 46264K [0x00000000c0000000, 0x00000000c4180000, 0x00000000eab00000)
  object space 67072K, 68% used [0x00000000c0000000,0x00000000c2d2e008,0x00000000c4180000)
 Metaspace       used 52924K, capacity 55658K, committed 55848K, reserved 1097728K
  class space    used 7256K, capacity 8190K, committed 8232K, reserved 1048576K
}

