# JRE version: Java(TM) SE Runtime Environment (8.0_65-b17) (build 1.8.0_65-b17)
# Java VM: Java HotSpot(TM) 64-Bit Server VM (25.65-b01 mixed mode windows-amd64 compressed oops)
Heap:
 PSYoungGen      total 217088K, used 38851K [0x00000000eab00000, 0x00000000f9300000, 0x0000000100000000)
  eden space 197120K, 13% used [0x00000000eab00000,0x00000000ec485680,0x00000000f6b80000)
  from space 19968K, 63% used [0x00000000f6b80000,0x00000000f77eb8e8,0x00000000f7f00000)
  to   space 19456K, 0% used [0x00000000f7f00000,0x00000000f7f00000,0x00000000f9200000)
 ParOldGen       total 68096K, used 46388K [0x00000000c0000000, 0x00000000c4280000, 0x00000000eab00000)
  object space 68096K, 68% used [0x00000000c0000000,0x00000000c2d4d2c8,0x00000000c4280000)
 Metaspace       used 47280K, capacity 49408K, committed 49576K, reserved 1091584K
  class space    used 6520K, capacity 7288K, committed 7336K, reserved 1048576K
GC Heap History (10 events):
Event: 19.636 GC heap before
{Heap before GC invocations=14 (full 2):
 PSYoungGen      total 157696K, used 11252K [0x00000000eab00000, 0x00000000f5f80000, 0x0000000100000000)
  eden space 146432K, 0% used [0x00000000eab00000,0x00000000eab00000,0x00000000f3a00000)
  from space 11264K, 99% used [0x00000000f4900000,0x00000000f53fd030,0x00000000f5400000)
  to   space 15360K, 0% used [0x00000000f3a00000,0x00000000f3a00000,0x00000000f4900000)
 ParOldGen       total 40960K, used 21965K [0x00000000c0000000, 0x00000000c2800000, 0x00000000eab00000)
  object space 40960K, 53% used [0x00000000c0000000,0x00000000c15736a8,0x00000000c2800000)
 Metaspace       used 34413K, capacity 35452K, committed 35496K, reserved 1079296K
  class space    used 4590K, capacity 4994K, committed 5032K, reserved 1048576K
Event: 19.859 GC heap after
Heap after GC invocations=14 (full 2):
 PSYoungGen      total 157696K, used 0K [0x00000000eab00000, 0x00000000f5f80000, 0x0000000100000000)
  eden space 146432K, 0% used [0x00000000eab00000,0x00000000eab00000,0x00000000f3a00000)
  from space 11264K, 0% used [0x00000000f4900000,0x00000000f4900000,0x00000000f5400000)
  to   space 15360K, 0% used [0x00000000f3a00000,0x00000000f3a00000,0x00000000f4900000)
 ParOldGen       total 68096K, used 24452K [0x00000000c0000000, 0x00000000c4280000, 0x00000000eab00000)
  object space 68096K, 35% used [0x00000000c0000000,0x00000000c17e1390,0x00000000c4280000)
 Metaspace       used 34379K, capacity 35338K, committed 35496K, reserved 1079296K
  class space    used 4584K, capacity 4960K, committed 5032K, reserved 1048576K
}
Event: 27.525 GC heap before
{Heap before GC invocations=15 (full 2):
 PSYoungGen      total 157696K, used 146432K [0x00000000eab00000, 0x00000000f5f80000, 0x0000000100000000)
  eden space 146432K, 100% used [0x00000000eab00000,0x00000000f3a00000,0x00000000f3a00000)
  from space 11264K, 0% used [0x00000000f4900000,0x00000000f4900000,0x00000000f5400000)
  to   space 15360K, 0% used [0x00000000f3a00000,0x00000000f3a00000,0x00000000f4900000)
 ParOldGen       total 68096K, used 24452K [0x00000000c0000000, 0x00000000c4280000, 0x00000000eab00000)
  object space 68096K, 35% used [0x00000000c0000000,0x00000000c17e1390,0x00000000c4280000)
 Metaspace       used 40012K, capacity 41150K, committed 41256K, reserved 1085440K
  class space    used 5440K, capacity 5865K, committed 5928K, reserved 1048576K
Event: 27.832 GC heap after
Heap after GC invocations=15 (full 2):
 PSYoungGen      total 161792K, used 15343K [0x00000000eab00000, 0x00000000f9200000, 0x0000000100000000)
  eden space 146432K, 0% used [0x00000000eab00000,0x00000000eab00000,0x00000000f3a00000)
  from space 15360K, 99% used [0x00000000f3a00000,0x00000000f48fbff0,0x00000000f4900000)
  to   space 19456K, 0% used [0x00000000f7f00000,0x00000000f7f00000,0x00000000f9200000)
 ParOldGen       total 68096K, used 28316K [0x00000000c0000000, 0x00000000c4280000, 0x00000000eab00000)
  object space 68096K, 41% used [0x00000000c0000000,0x00000000c1ba7128,0x00000000c4280000)
 Metaspace       used 40012K, capacity 41150K, committed 41256K, reserved 1085440K
  class space    used 5440K, capacity 5865K, committed 5928K, reserved 1048576K
}
Event: 33.425 GC heap before
{Heap before GC invocations=16 (full 2):
 PSYoungGen      total 161792K, used 127717K [0x00000000eab00000, 0x00000000f9200000, 0x0000000100000000)
  eden space 146432K, 76% used [0x00000000eab00000,0x00000000f18bd6f0,0x00000000f3a00000)
  from space 15360K, 99% used [0x00000000f3a00000,0x00000000f48fbff0,0x00000000f4900000)
  to   space 19456K, 0% used [0x00000000f7f00000,0x00000000f7f00000,0x00000000f9200000)
 ParOldGen       total 68096K, used 28316K [0x00000000c0000000, 0x00000000c4280000, 0x00000000eab00000)
  object space 68096K, 41% used [0x00000000c0000000,0x00000000c1ba7128,0x00000000c4280000)
 Metaspace       used 43947K, capacity 45860K, committed 45992K, reserved 1089536K
  class space    used 6078K, capacity 6808K, committed 6824K, reserved 1048576K
Event: 33.484 GC heap after
Heap after GC invocations=16 (full 2):
 PSYoungGen      total 216576K, used 12422K [0x00000000eab00000, 0x00000000f9300000, 0x0000000100000000)
  eden space 197120K, 0% used [0x00000000eab00000,0x00000000eab00000,0x00000000f6b80000)
  from space 19456K, 63% used [0x00000000f7f00000,0x00000000f8b21910,0x00000000f9200000)
  to   space 19968K, 0% used [0x00000000f6b80000,0x00000000f6b80000,0x00000000f7f00000)
 ParOldGen       total 68096K, used 42269K [0x00000000c0000000, 0x00000000c4280000, 0x00000000eab00000)
  object space 68096K, 62% used [0x00000000c0000000,0x00000000c29475c8,0x00000000c4280000)
 Metaspace       used 43947K, capacity 45860K, committed 45992K, reserved 1089536K
  class space    used 6078K, capacity 6808K, committed 6824K, reserved 1048576K
}
Event: 33.484 GC heap before
{Heap before GC invocations=17 (full 3):
 PSYoungGen      total 216576K, used 12422K [0x00000000eab00000, 0x00000000f9300000, 0x0000000100000000)
  eden space 197120K, 0% used [0x00000000eab00000,0x00000000eab00000,0x00000000f6b80000)
  from space 19456K, 63% used [0x00000000f7f00000,0x00000000f8b21910,0x00000000f9200000)
  to   space 19968K, 0% used [0x00000000f6b80000,0x00000000f6b80000,0x00000000f7f00000)
 ParOldGen       total 68096K, used 42269K [0x00000000c0000000, 0x00000000c4280000, 0x00000000eab00000)
  object space 68096K, 62% used [0x00000000c0000000,0x00000000c29475c8,0x00000000c4280000)
 Metaspace       used 43947K, capacity 45860K, committed 45992K, reserved 1089536K
  class space    used 6078K, capacity 6808K, committed 6824K, reserved 1048576K
Event: 34.028 GC heap after
Heap after GC invocations=17 (full 3):
 PSYoungGen      total 216576K, used 0K [0x00000000eab00000, 0x00000000f9300000, 0x0000000100000000)
  eden space 197120K, 0% used [0x00000000eab00000,0x00000000eab00000,0x00000000f6b80000)
  from space 19456K, 0% used [0x00000000f7f00000,0x00000000f7f00000,0x00000000f9200000)
  to   space 19968K, 0% used [0x00000000f6b80000,0x00000000f6b80000,0x00000000f7f00000)
 ParOldGen       total 68096K, used 46380K [0x00000000c0000000, 0x00000000c4280000, 0x00000000eab00000)
  object space 68096K, 68% used [0x00000000c0000000,0x00000000c2d4b2c8,0x00000000c4280000)
 Metaspace       used 43947K, capacity 45860K, committed 45992K, reserved 1089536K
  class space    used 6078K, capacity 6808K, committed 6824K, reserved 1048576K
}
Event: 47.053 GC heap before
{Heap before GC invocations=18 (full 3):
 PSYoungGen      total 216576K, used 197120K [0x00000000eab00000, 0x00000000f9300000, 0x0000000100000000)
  eden space 197120K, 100% used [0x00000000eab00000,0x00000000f6b80000,0x00000000f6b80000)
  from space 19456K, 0% used [0x00000000f7f00000,0x00000000f7f00000,0x00000000f9200000)
  to   space 19968K, 0% used [0x00000000f6b80000,0x00000000f6b80000,0x00000000f7f00000)
 ParOldGen       total 68096K, used 46380K [0x00000000c0000000, 0x00000000c4280000, 0x00000000eab00000)
  object space 68096K, 68% used [0x00000000c0000000,0x00000000c2d4b2c8,0x00000000c4280000)
 Metaspace       used 47232K, capacity 49408K, committed 49576K, reserved 1091584K
  class space    used 6515K, capacity 7288K, committed 7336K, reserved 1048576K
Event: 47.114 GC heap after
Heap after GC invocations=18 (full 3):
 PSYoungGen      total 217088K, used 12718K [0x00000000eab00000, 0x00000000f9300000, 0x0000000100000000)
  eden space 197120K, 0% used [0x00000000eab00000,0x00000000eab00000,0x00000000f6b80000)
  from space 19968K, 63% used [0x00000000f6b80000,0x00000000f77eb8e8,0x00000000f7f00000)
  to   space 19456K, 0% used [0x00000000f7f00000,0x00000000f7f00000,0x00000000f9200000)
 ParOldGen       total 68096K, used 46388K [0x00000000c0000000, 0x00000000c4280000, 0x00000000eab00000)
  object space 68096K, 68% used [0x00000000c0000000,0x00000000c2d4d2c8,0x00000000c4280000)
 Metaspace       used 47232K, capacity 49408K, committed 49576K, reserved 1091584K
  class space    used 6515K, capacity 7288K, committed 7336K, reserved 1048576K
}

