# JRE version: Java(TM) SE Runtime Environment (8.0_65-b17) (build 1.8.0_65-b17)
# Java VM: Java HotSpot(TM) 64-Bit Server VM (25.65-b01 mixed mode windows-amd64 compressed oops)
Heap:
 PSYoungGen      total 239104K, used 61592K [0x00000000eab00000, 0x00000000fc100000, 0x0000000100000000)
  eden space 218624K, 23% used [0x00000000eab00000,0x00000000edd1b0a0,0x00000000f8080000)
  from space 20480K, 50% used [0x00000000f8080000,0x00000000f8a8b0f0,0x00000000f9480000)
  to   space 19968K, 0% used [0x00000000fad80000,0x00000000fad80000,0x00000000fc100000)
 ParOldGen       total 69632K, used 53687K [0x00000000c0000000, 0x00000000c4400000, 0x00000000eab00000)
  object space 69632K, 77% used [0x00000000c0000000,0x00000000c346dd58,0x00000000c4400000)
 Metaspace       used 58773K, capacity 63182K, committed 63400K, reserved 1105920K
  class space    used 7768K, capacity 9051K, committed 9128K, reserved 1048576K
GC Heap History (10 events):
Event: 2251.787 GC heap before
{Heap before GC invocations=30 (full 6):
 PSYoungGen      total 194048K, used 153744K [0x00000000eab00000, 0x00000000f9280000, 0x0000000100000000)
  eden space 190976K, 80% used [0x00000000eab00000,0x00000000f41240a8,0x00000000f6580000)
  from space 3072K, 0% used [0x00000000f6580000,0x00000000f6580000,0x00000000f6880000)
  to   space 23040K, 0% used [0x00000000f7c00000,0x00000000f7c00000,0x00000000f9280000)
 ParOldGen       total 69632K, used 47933K [0x00000000c0000000, 0x00000000c4400000, 0x00000000eab00000)
  object space 69632K, 68% used [0x00000000c0000000,0x00000000c2ecf588,0x00000000c4400000)
 Metaspace       used 56326K, capacity 59314K, committed 60072K, reserved 1101824K
  class space    used 7456K, capacity 8477K, committed 8616K, reserved 1048576K
Event: 2251.801 GC heap after
Heap after GC invocations=30 (full 6):
 PSYoungGen      total 210944K, used 7130K [0x00000000eab00000, 0x00000000f8f80000, 0x0000000100000000)
  eden space 190976K, 0% used [0x00000000eab00000,0x00000000eab00000,0x00000000f6580000)
  from space 19968K, 35% used [0x00000000f7c00000,0x00000000f82f6b40,0x00000000f8f80000)
  to   space 21504K, 0% used [0x00000000f6580000,0x00000000f6580000,0x00000000f7a80000)
 ParOldGen       total 69632K, used 47941K [0x00000000c0000000, 0x00000000c4400000, 0x00000000eab00000)
  object space 69632K, 68% used [0x00000000c0000000,0x00000000c2ed1588,0x00000000c4400000)
 Metaspace       used 56326K, capacity 59314K, committed 60072K, reserved 1101824K
  class space    used 7456K, capacity 8477K, committed 8616K, reserved 1048576K
}
Event: 2251.801 GC heap before
{Heap before GC invocations=31 (full 7):
 PSYoungGen      total 210944K, used 7130K [0x00000000eab00000, 0x00000000f8f80000, 0x0000000100000000)
  eden space 190976K, 0% used [0x00000000eab00000,0x00000000eab00000,0x00000000f6580000)
  from space 19968K, 35% used [0x00000000f7c00000,0x00000000f82f6b40,0x00000000f8f80000)
  to   space 21504K, 0% used [0x00000000f6580000,0x00000000f6580000,0x00000000f7a80000)
 ParOldGen       total 69632K, used 47941K [0x00000000c0000000, 0x00000000c4400000, 0x00000000eab00000)
  object space 69632K, 68% used [0x00000000c0000000,0x00000000c2ed1588,0x00000000c4400000)
 Metaspace       used 56326K, capacity 59314K, committed 60072K, reserved 1101824K
  class space    used 7456K, capacity 8477K, committed 8616K, reserved 1048576K
Event: 2252.535 GC heap after
Heap after GC invocations=31 (full 7):
 PSYoungGen      total 210944K, used 0K [0x00000000eab00000, 0x00000000f8f80000, 0x0000000100000000)
  eden space 190976K, 0% used [0x00000000eab00000,0x00000000eab00000,0x00000000f6580000)
  from space 19968K, 0% used [0x00000000f7c00000,0x00000000f7c00000,0x00000000f8f80000)
  to   space 21504K, 0% used [0x00000000f6580000,0x00000000f6580000,0x00000000f7a80000)
 ParOldGen       total 69632K, used 53663K [0x00000000c0000000, 0x00000000c4400000, 0x00000000eab00000)
  object space 69632K, 77% used [0x00000000c0000000,0x00000000c3467d58,0x00000000c4400000)
 Metaspace       used 56326K, capacity 59314K, committed 60072K, reserved 1101824K
  class space    used 7456K, capacity 8477K, committed 8616K, reserved 1048576K
}
Event: 2283.246 GC heap before
{Heap before GC invocations=32 (full 7):
 PSYoungGen      total 210944K, used 190976K [0x00000000eab00000, 0x00000000f8f80000, 0x0000000100000000)
  eden space 190976K, 100% used [0x00000000eab00000,0x00000000f6580000,0x00000000f6580000)
  from space 19968K, 0% used [0x00000000f7c00000,0x00000000f7c00000,0x00000000f8f80000)
  to   space 21504K, 0% used [0x00000000f6580000,0x00000000f6580000,0x00000000f7a80000)
 ParOldGen       total 69632K, used 53663K [0x00000000c0000000, 0x00000000c4400000, 0x00000000eab00000)
  object space 69632K, 77% used [0x00000000c0000000,0x00000000c3467d58,0x00000000c4400000)
 Metaspace       used 57106K, capacity 60810K, committed 60968K, reserved 1101824K
  class space    used 7556K, capacity 8706K, committed 8744K, reserved 1048576K
Event: 2283.256 GC heap after
Heap after GC invocations=32 (full 7):
 PSYoungGen      total 212480K, used 4603K [0x00000000eab00000, 0x00000000fae80000, 0x0000000100000000)
  eden space 190976K, 0% used [0x00000000eab00000,0x00000000eab00000,0x00000000f6580000)
  from space 21504K, 21% used [0x00000000f6580000,0x00000000f69fef90,0x00000000f7a80000)
  to   space 20992K, 0% used [0x00000000f9a00000,0x00000000f9a00000,0x00000000fae80000)
 ParOldGen       total 69632K, used 53671K [0x00000000c0000000, 0x00000000c4400000, 0x00000000eab00000)
  object space 69632K, 77% used [0x00000000c0000000,0x00000000c3469d58,0x00000000c4400000)
 Metaspace       used 57106K, capacity 60810K, committed 60968K, reserved 1101824K
  class space    used 7556K, capacity 8706K, committed 8744K, reserved 1048576K
}
Event: 2305.339 GC heap before
{Heap before GC invocations=33 (full 7):
 PSYoungGen      total 212480K, used 195579K [0x00000000eab00000, 0x00000000fae80000, 0x0000000100000000)
  eden space 190976K, 100% used [0x00000000eab00000,0x00000000f6580000,0x00000000f6580000)
  from space 21504K, 21% used [0x00000000f6580000,0x00000000f69fef90,0x00000000f7a80000)
  to   space 20992K, 0% used [0x00000000f9a00000,0x00000000f9a00000,0x00000000fae80000)
 ParOldGen       total 69632K, used 53671K [0x00000000c0000000, 0x00000000c4400000, 0x00000000eab00000)
  object space 69632K, 77% used [0x00000000c0000000,0x00000000c3469d58,0x00000000c4400000)
 Metaspace       used 57511K, capacity 61668K, committed 61992K, reserved 1101824K
  class space    used 7609K, capacity 8877K, committed 9000K, reserved 1048576K
Event: 2305.350 GC heap after
Heap after GC invocations=33 (full 7):
 PSYoungGen      total 233472K, used 3535K [0x00000000eab00000, 0x00000000fa880000, 0x0000000100000000)
  eden space 218624K, 0% used [0x00000000eab00000,0x00000000eab00000,0x00000000f8080000)
  from space 14848K, 23% used [0x00000000f9a00000,0x00000000f9d73c40,0x00000000fa880000)
  to   space 20480K, 0% used [0x00000000f8080000,0x00000000f8080000,0x00000000f9480000)
 ParOldGen       total 69632K, used 53679K [0x00000000c0000000, 0x00000000c4400000, 0x00000000eab00000)
  object space 69632K, 77% used [0x00000000c0000000,0x00000000c346bd58,0x00000000c4400000)
 Metaspace       used 57511K, capacity 61668K, committed 61992K, reserved 1101824K
  class space    used 7609K, capacity 8877K, committed 9000K, reserved 1048576K
}
Event: 2324.693 GC heap before
{Heap before GC invocations=34 (full 7):
 PSYoungGen      total 233472K, used 222159K [0x00000000eab00000, 0x00000000fa880000, 0x0000000100000000)
  eden space 218624K, 100% used [0x00000000eab00000,0x00000000f8080000,0x00000000f8080000)
  from space 14848K, 23% used [0x00000000f9a00000,0x00000000f9d73c40,0x00000000fa880000)
  to   space 20480K, 0% used [0x00000000f8080000,0x00000000f8080000,0x00000000f9480000)
 ParOldGen       total 69632K, used 53679K [0x00000000c0000000, 0x00000000c4400000, 0x00000000eab00000)
  object space 69632K, 77% used [0x00000000c0000000,0x00000000c346bd58,0x00000000c4400000)
 Metaspace       used 58639K, capacity 62990K, committed 63144K, reserved 1103872K
  class space    used 7755K, capacity 9051K, committed 9128K, reserved 1048576K
Event: 2324.713 GC heap after
Heap after GC invocations=34 (full 7):
 PSYoungGen      total 239104K, used 10284K [0x00000000eab00000, 0x00000000fc100000, 0x0000000100000000)
  eden space 218624K, 0% used [0x00000000eab00000,0x00000000eab00000,0x00000000f8080000)
  from space 20480K, 50% used [0x00000000f8080000,0x00000000f8a8b0f0,0x00000000f9480000)
  to   space 19968K, 0% used [0x00000000fad80000,0x00000000fad80000,0x00000000fc100000)
 ParOldGen       total 69632K, used 53687K [0x00000000c0000000, 0x00000000c4400000, 0x00000000eab00000)
  object space 69632K, 77% used [0x00000000c0000000,0x00000000c346dd58,0x00000000c4400000)
 Metaspace       used 58639K, capacity 62990K, committed 63144K, reserved 1103872K
  class space    used 7755K, capacity 9051K, committed 9128K, reserved 1048576K
}

