# JRE version: Java(TM) SE Runtime Environment (8.0_65-b17) (build 1.8.0_65-b17)
# Java VM: Java HotSpot(TM) 64-Bit Server VM (25.65-b01 mixed mode windows-amd64 compressed oops)
Heap:
 PSYoungGen      total 18432K, used 13193K [0x00000000eab00000, 0x00000000eca80000, 0x0000000100000000)
  eden space 15872K, 67% used [0x00000000eab00000,0x00000000eb568770,0x00000000eba80000)
  from space 2560K, 99% used [0x00000000eba80000,0x00000000ebcf9f38,0x00000000ebd00000)
  to   space 2560K, 0% used [0x00000000ec800000,0x00000000ec800000,0x00000000eca80000)
 ParOldGen       total 26112K, used 5017K [0x00000000c0000000, 0x00000000c1980000, 0x00000000eab00000)
  object space 26112K, 19% used [0x00000000c0000000,0x00000000c04e67f0,0x00000000c1980000)
 Metaspace       used 7245K, capacity 7780K, committed 8064K, reserved 1058816K
  class space    used 754K, capacity 788K, committed 896K, reserved 1048576K
GC Heap History (8 events):
Event: 0.790 GC heap before
{Heap before GC invocations=1 (full 0):
 PSYoungGen      total 18432K, used 15872K [0x00000000eab00000, 0x00000000ebf80000, 0x0000000100000000)
  eden space 15872K, 100% used [0x00000000eab00000,0x00000000eba80000,0x00000000eba80000)
  from space 2560K, 0% used [0x00000000ebd00000,0x00000000ebd00000,0x00000000ebf80000)
  to   space 2560K, 0% used [0x00000000eba80000,0x00000000eba80000,0x00000000ebd00000)
 ParOldGen       total 42496K, used 0K [0x00000000c0000000, 0x00000000c2980000, 0x00000000eab00000)
  object space 42496K, 0% used [0x00000000c0000000,0x00000000c0000000,0x00000000c2980000)
 Metaspace       used 5316K, capacity 6704K, committed 6784K, reserved 1056768K
  class space    used 545K, capacity 616K, committed 640K, reserved 1048576K
Event: 0.797 GC heap after
Heap after GC invocations=1 (full 0):
 PSYoungGen      total 18432K, used 2556K [0x00000000eab00000, 0x00000000ebf80000, 0x0000000100000000)
  eden space 15872K, 0% used [0x00000000eab00000,0x00000000eab00000,0x00000000eba80000)
  from space 2560K, 99% used [0x00000000eba80000,0x00000000ebcff090,0x00000000ebd00000)
  to   space 2560K, 0% used [0x00000000ebd00000,0x00000000ebd00000,0x00000000ebf80000)
 ParOldGen       total 42496K, used 1959K [0x00000000c0000000, 0x00000000c2980000, 0x00000000eab00000)
  object space 42496K, 4% used [0x00000000c0000000,0x00000000c01e9cc8,0x00000000c2980000)
 Metaspace       used 5316K, capacity 6704K, committed 6784K, reserved 1056768K
  class space    used 545K, capacity 616K, committed 640K, reserved 1048576K
}
Event: 0.816 GC heap before
{Heap before GC invocations=2 (full 0):
 PSYoungGen      total 18432K, used 3787K [0x00000000eab00000, 0x00000000ebf80000, 0x0000000100000000)
  eden space 15872K, 7% used [0x00000000eab00000,0x00000000eac33b88,0x00000000eba80000)
  from space 2560K, 99% used [0x00000000eba80000,0x00000000ebcff090,0x00000000ebd00000)
  to   space 2560K, 0% used [0x00000000ebd00000,0x00000000ebd00000,0x00000000ebf80000)
 ParOldGen       total 42496K, used 1959K [0x00000000c0000000, 0x00000000c2980000, 0x00000000eab00000)
  object space 42496K, 4% used [0x00000000c0000000,0x00000000c01e9cc8,0x00000000c2980000)
 Metaspace       used 5335K, capacity 6704K, committed 6784K, reserved 1060864K
  class space    used 545K, capacity 616K, committed 640K, reserved 1048576K
Event: 0.821 GC heap after
Heap after GC invocations=2 (full 0):
 PSYoungGen      total 18432K, used 2539K [0x00000000eab00000, 0x00000000ebf80000, 0x0000000100000000)
  eden space 15872K, 0% used [0x00000000eab00000,0x00000000eab00000,0x00000000eba80000)
  from space 2560K, 99% used [0x00000000ebd00000,0x00000000ebf7aca0,0x00000000ebf80000)
  to   space 2560K, 0% used [0x00000000eba80000,0x00000000eba80000,0x00000000ebd00000)
 ParOldGen       total 42496K, used 2420K [0x00000000c0000000, 0x00000000c2980000, 0x00000000eab00000)
  object space 42496K, 5% used [0x00000000c0000000,0x00000000c025d1e8,0x00000000c2980000)
 Metaspace       used 5335K, capacity 6704K, committed 6784K, reserved 1060864K
  class space    used 545K, capacity 616K, committed 640K, reserved 1048576K
}
Event: 0.821 GC heap before
{Heap before GC invocations=3 (full 1):
 PSYoungGen      total 18432K, used 2539K [0x00000000eab00000, 0x00000000ebf80000, 0x0000000100000000)
  eden space 15872K, 0% used [0x00000000eab00000,0x00000000eab00000,0x00000000eba80000)
  from space 2560K, 99% used [0x00000000ebd00000,0x00000000ebf7aca0,0x00000000ebf80000)
  to   space 2560K, 0% used [0x00000000eba80000,0x00000000eba80000,0x00000000ebd00000)
 ParOldGen       total 42496K, used 2420K [0x00000000c0000000, 0x00000000c2980000, 0x00000000eab00000)
  object space 42496K, 5% used [0x00000000c0000000,0x00000000c025d1e8,0x00000000c2980000)
 Metaspace       used 5335K, capacity 6704K, committed 6784K, reserved 1060864K
  class space    used 545K, capacity 616K, committed 640K, reserved 1048576K
Event: 0.848 GC heap after
Heap after GC invocations=3 (full 1):
 PSYoungGen      total 18432K, used 0K [0x00000000eab00000, 0x00000000ebf80000, 0x0000000100000000)
  eden space 15872K, 0% used [0x00000000eab00000,0x00000000eab00000,0x00000000eba80000)
  from space 2560K, 0% used [0x00000000ebd00000,0x00000000ebd00000,0x00000000ebf80000)
  to   space 2560K, 0% used [0x00000000eba80000,0x00000000eba80000,0x00000000ebd00000)
 ParOldGen       total 26112K, used 3464K [0x00000000c0000000, 0x00000000c1980000, 0x00000000eab00000)
  object space 26112K, 13% used [0x00000000c0000000,0x00000000c0362268,0x00000000c1980000)
 Metaspace       used 5335K, capacity 6704K, committed 6784K, reserved 1058816K
  class space    used 545K, capacity 616K, committed 640K, reserved 1048576K
}
Event: 1.698 GC heap before
{Heap before GC invocations=4 (full 1):
 PSYoungGen      total 18432K, used 15699K [0x00000000eab00000, 0x00000000ebf80000, 0x0000000100000000)
  eden space 15872K, 98% used [0x00000000eab00000,0x00000000eba54eb0,0x00000000eba80000)
  from space 2560K, 0% used [0x00000000ebd00000,0x00000000ebd00000,0x00000000ebf80000)
  to   space 2560K, 0% used [0x00000000eba80000,0x00000000eba80000,0x00000000ebd00000)
 ParOldGen       total 26112K, used 3464K [0x00000000c0000000, 0x00000000c1980000, 0x00000000eab00000)
  object space 26112K, 13% used [0x00000000c0000000,0x00000000c0362268,0x00000000c1980000)
 Metaspace       used 7124K, capacity 7652K, committed 7808K, reserved 1058816K
  class space    used 754K, capacity 788K, committed 896K, reserved 1048576K
Event: 1.702 GC heap after
Heap after GC invocations=4 (full 1):
 PSYoungGen      total 18432K, used 2535K [0x00000000eab00000, 0x00000000eca80000, 0x0000000100000000)
  eden space 15872K, 0% used [0x00000000eab00000,0x00000000eab00000,0x00000000eba80000)
  from space 2560K, 99% used [0x00000000eba80000,0x00000000ebcf9f38,0x00000000ebd00000)
  to   space 2560K, 0% used [0x00000000ec800000,0x00000000ec800000,0x00000000eca80000)
 ParOldGen       total 26112K, used 5017K [0x00000000c0000000, 0x00000000c1980000, 0x00000000eab00000)
  object space 26112K, 19% used [0x00000000c0000000,0x00000000c04e67f0,0x00000000c1980000)
 Metaspace       used 7124K, capacity 7652K, committed 7808K, reserved 1058816K
  class space    used 754K, capacity 788K, committed 896K, reserved 1048576K
}

