# JRE version: Java(TM) SE Runtime Environment (8.0_65-b17) (build 1.8.0_65-b17)
# Java VM: Java HotSpot(TM) 64-Bit Server VM (25.65-b01 mixed mode windows-amd64 compressed oops)
Heap:
 PSYoungGen      total 18432K, used 12526K [0x00000000eab00000, 0x00000000ebf80000, 0x0000000100000000)
  eden space 15872K, 62% used [0x00000000eab00000,0x00000000eb4bfd20,0x00000000eba80000)
  from space 2560K, 99% used [0x00000000ebd00000,0x00000000ebf7be38,0x00000000ebf80000)
  to   space 2560K, 0% used [0x00000000eba80000,0x00000000eba80000,0x00000000ebd00000)
 ParOldGen       total 34304K, used 4988K [0x00000000c0000000, 0x00000000c2180000, 0x00000000eab00000)
  object space 34304K, 14% used [0x00000000c0000000,0x00000000c04df168,0x00000000c2180000)
 Metaspace       used 7346K, capacity 7780K, committed 8064K, reserved 1058816K
  class space    used 754K, capacity 788K, committed 896K, reserved 1048576K
GC Heap History (6 events):
Event: 0.589 GC heap before
{Heap before GC invocations=1 (full 0):
 PSYoungGen      total 18432K, used 11430K [0x00000000eab00000, 0x00000000ebf80000, 0x0000000100000000)
  eden space 15872K, 72% used [0x00000000eab00000,0x00000000eb629a68,0x00000000eba80000)
  from space 2560K, 0% used [0x00000000ebd00000,0x00000000ebd00000,0x00000000ebf80000)
  to   space 2560K, 0% used [0x00000000eba80000,0x00000000eba80000,0x00000000ebd00000)
 ParOldGen       total 42496K, used 0K [0x00000000c0000000, 0x00000000c2980000, 0x00000000eab00000)
  object space 42496K, 0% used [0x00000000c0000000,0x00000000c0000000,0x00000000c2980000)
 Metaspace       used 5030K, capacity 6448K, committed 6528K, reserved 1060864K
  class space    used 534K, capacity 616K, committed 640K, reserved 1048576K
Event: 0.594 GC heap after
Heap after GC invocations=1 (full 0):
 PSYoungGen      total 18432K, used 2541K [0x00000000eab00000, 0x00000000ebf80000, 0x0000000100000000)
  eden space 15872K, 0% used [0x00000000eab00000,0x00000000eab00000,0x00000000eba80000)
  from space 2560K, 99% used [0x00000000eba80000,0x00000000ebcfb518,0x00000000ebd00000)
  to   space 2560K, 0% used [0x00000000ebd00000,0x00000000ebd00000,0x00000000ebf80000)
 ParOldGen       total 42496K, used 1199K [0x00000000c0000000, 0x00000000c2980000, 0x00000000eab00000)
  object space 42496K, 2% used [0x00000000c0000000,0x00000000c012bc70,0x00000000c2980000)
 Metaspace       used 5030K, capacity 6448K, committed 6528K, reserved 1060864K
  class space    used 534K, capacity 616K, committed 640K, reserved 1048576K
}
Event: 0.594 GC heap before
{Heap before GC invocations=2 (full 1):
 PSYoungGen      total 18432K, used 2541K [0x00000000eab00000, 0x00000000ebf80000, 0x0000000100000000)
  eden space 15872K, 0% used [0x00000000eab00000,0x00000000eab00000,0x00000000eba80000)
  from space 2560K, 99% used [0x00000000eba80000,0x00000000ebcfb518,0x00000000ebd00000)
  to   space 2560K, 0% used [0x00000000ebd00000,0x00000000ebd00000,0x00000000ebf80000)
 ParOldGen       total 42496K, used 1199K [0x00000000c0000000, 0x00000000c2980000, 0x00000000eab00000)
  object space 42496K, 2% used [0x00000000c0000000,0x00000000c012bc70,0x00000000c2980000)
 Metaspace       used 5030K, capacity 6448K, committed 6528K, reserved 1060864K
  class space    used 534K, capacity 616K, committed 640K, reserved 1048576K
Event: 0.616 GC heap after
Heap after GC invocations=2 (full 1):
 PSYoungGen      total 18432K, used 0K [0x00000000eab00000, 0x00000000ebf80000, 0x0000000100000000)
  eden space 15872K, 0% used [0x00000000eab00000,0x00000000eab00000,0x00000000eba80000)
  from space 2560K, 0% used [0x00000000eba80000,0x00000000eba80000,0x00000000ebd00000)
  to   space 2560K, 0% used [0x00000000ebd00000,0x00000000ebd00000,0x00000000ebf80000)
 ParOldGen       total 34304K, used 3548K [0x00000000c0000000, 0x00000000c2180000, 0x00000000eab00000)
  object space 34304K, 10% used [0x00000000c0000000,0x00000000c03771a0,0x00000000c2180000)
 Metaspace       used 5030K, capacity 6448K, committed 6528K, reserved 1058816K
  class space    used 534K, capacity 616K, committed 640K, reserved 1048576K
}
Event: 1.402 GC heap before
{Heap before GC invocations=3 (full 1):
 PSYoungGen      total 18432K, used 15872K [0x00000000eab00000, 0x00000000ebf80000, 0x0000000100000000)
  eden space 15872K, 100% used [0x00000000eab00000,0x00000000eba80000,0x00000000eba80000)
  from space 2560K, 0% used [0x00000000eba80000,0x00000000eba80000,0x00000000ebd00000)
  to   space 2560K, 0% used [0x00000000ebd00000,0x00000000ebd00000,0x00000000ebf80000)
 ParOldGen       total 34304K, used 3548K [0x00000000c0000000, 0x00000000c2180000, 0x00000000eab00000)
  object space 34304K, 10% used [0x00000000c0000000,0x00000000c03771a0,0x00000000c2180000)
 Metaspace       used 5638K, capacity 6832K, committed 7040K, reserved 1058816K
  class space    used 567K, capacity 616K, committed 640K, reserved 1048576K
Event: 1.407 GC heap after
Heap after GC invocations=3 (full 1):
 PSYoungGen      total 18432K, used 2543K [0x00000000eab00000, 0x00000000ebf80000, 0x0000000100000000)
  eden space 15872K, 0% used [0x00000000eab00000,0x00000000eab00000,0x00000000eba80000)
  from space 2560K, 99% used [0x00000000ebd00000,0x00000000ebf7be38,0x00000000ebf80000)
  to   space 2560K, 0% used [0x00000000eba80000,0x00000000eba80000,0x00000000ebd00000)
 ParOldGen       total 34304K, used 4988K [0x00000000c0000000, 0x00000000c2180000, 0x00000000eab00000)
  object space 34304K, 14% used [0x00000000c0000000,0x00000000c04df168,0x00000000c2180000)
 Metaspace       used 5638K, capacity 6832K, committed 7040K, reserved 1058816K
  class space    used 567K, capacity 616K, committed 640K, reserved 1048576K
}

